# JRE version: OpenJDK Runtime Environment Microsoft-8035246 (17.0.8+7) (build 17.0.8+7-LTS)
# Java VM: OpenJDK 64-Bit Server VM Microsoft-8035246 (17.0.8+7-LTS, mixed mode, sharing, tiered, compressed oops, compressed class ptrs, g1 gc, windows-amd64)
GC Precious Log:
 CPUs: 16 total, 16 available
 Memory: 7893M
 Large Page Support: Disabled
 NUMA Support: Disabled
 Compressed Oops: Enabled (32-bit)
 Heap Region Size: 1M
 Heap Min Capacity: 8M
 Heap Initial Capacity: 124M
 Heap Max Capacity: 2G
 Pre-touch: Disabled
 Parallel Workers: 13
 Concurrent Workers: 3
 Concurrent Refinement Workers: 13
 Periodic GC: Disabled
Heap:
 garbage-first heap   total 276480K, used 165275K [0x0000000080000000, 0x0000000100000000)
  region size 1024K, 10 young (10240K), 6 survivors (6144K)
 Metaspace       used 107545K, committed 108480K, reserved 557056K
  class space    used 14829K, committed 15296K, reserved 425984K
GC Heap History (20 events):
Event: 41.697 GC heap before
{Heap before GC invocations=49 (full 0):
 garbage-first heap   total 222208K, used 137976K [0x0000000080000000, 0x0000000100000000)
  region size 1024K, 10 young (10240K), 3 survivors (3072K)
 Metaspace       used 100654K, committed 101568K, reserved 557056K
  class space    used 14003K, committed 14464K, reserved 425984K
}
Event: 41.702 GC heap after
{Heap after GC invocations=50 (full 0):
 garbage-first heap   total 222208K, used 131007K [0x0000000080000000, 0x0000000100000000)
  region size 1024K, 1 young (1024K), 1 survivors (1024K)
 Metaspace       used 100654K, committed 101568K, reserved 557056K
  class space    used 14003K, committed 14464K, reserved 425984K
}
Event: 42.448 GC heap before
{Heap before GC invocations=50 (full 0):
 garbage-first heap   total 222208K, used 179135K [0x0000000080000000, 0x0000000100000000)
  region size 1024K, 48 young (49152K), 1 survivors (1024K)
 Metaspace       used 102749K, committed 103744K, reserved 557056K
  class space    used 14271K, committed 14720K, reserved 425984K
}
Event: 42.451 GC heap after
{Heap after GC invocations=51 (full 0):
 garbage-first heap   total 222208K, used 134681K [0x0000000080000000, 0x0000000100000000)
  region size 1024K, 5 young (5120K), 5 survivors (5120K)
 Metaspace       used 102749K, committed 103744K, reserved 557056K
  class space    used 14271K, committed 14720K, reserved 425984K
}
Event: 42.822 GC heap before
{Heap before GC invocations=51 (full 0):
 garbage-first heap   total 222208K, used 180761K [0x0000000080000000, 0x0000000100000000)
  region size 1024K, 50 young (51200K), 5 survivors (5120K)
 Metaspace       used 103618K, committed 104512K, reserved 557056K
  class space    used 14368K, committed 14784K, reserved 425984K
}
Event: 42.828 GC heap after
{Heap after GC invocations=52 (full 0):
 garbage-first heap   total 222208K, used 139733K [0x0000000080000000, 0x0000000100000000)
  region size 1024K, 5 young (5120K), 5 survivors (5120K)
 Metaspace       used 103618K, committed 104512K, reserved 557056K
  class space    used 14368K, committed 14784K, reserved 425984K
}
Event: 43.027 GC heap before
{Heap before GC invocations=52 (full 0):
 garbage-first heap   total 222208K, used 163285K [0x0000000080000000, 0x0000000100000000)
  region size 1024K, 29 young (29696K), 5 survivors (5120K)
 Metaspace       used 104694K, committed 105664K, reserved 557056K
  class space    used 14445K, committed 14912K, reserved 425984K
}
Event: 43.032 GC heap after
{Heap after GC invocations=53 (full 0):
 garbage-first heap   total 222208K, used 144779K [0x0000000080000000, 0x0000000100000000)
  region size 1024K, 4 young (4096K), 4 survivors (4096K)
 Metaspace       used 104694K, committed 105664K, reserved 557056K
  class space    used 14445K, committed 14912K, reserved 425984K
}
Event: 43.369 GC heap before
{Heap before GC invocations=54 (full 0):
 garbage-first heap   total 256000K, used 186763K [0x0000000080000000, 0x0000000100000000)
  region size 1024K, 42 young (43008K), 4 survivors (4096K)
 Metaspace       used 106458K, committed 107392K, reserved 557056K
  class space    used 14714K, committed 15168K, reserved 425984K
}
Event: 43.373 GC heap after
{Heap after GC invocations=55 (full 0):
 garbage-first heap   total 256000K, used 145731K [0x0000000080000000, 0x0000000100000000)
  region size 1024K, 3 young (3072K), 3 survivors (3072K)
 Metaspace       used 106458K, committed 107392K, reserved 557056K
  class space    used 14714K, committed 15168K, reserved 425984K
}
Event: 43.451 GC heap before
{Heap before GC invocations=55 (full 0):
 garbage-first heap   total 256000K, used 153923K [0x0000000080000000, 0x0000000100000000)
  region size 1024K, 12 young (12288K), 3 survivors (3072K)
 Metaspace       used 106517K, committed 107456K, reserved 557056K
  class space    used 14714K, committed 15168K, reserved 425984K
}
Event: 43.453 GC heap after
{Heap after GC invocations=56 (full 0):
 garbage-first heap   total 256000K, used 145699K [0x0000000080000000, 0x0000000100000000)
  region size 1024K, 1 young (1024K), 1 survivors (1024K)
 Metaspace       used 106517K, committed 107456K, reserved 557056K
  class space    used 14714K, committed 15168K, reserved 425984K
}
Event: 43.755 GC heap before
{Heap before GC invocations=56 (full 0):
 garbage-first heap   total 256000K, used 210211K [0x0000000080000000, 0x0000000100000000)
  region size 1024K, 65 young (66560K), 1 survivors (1024K)
 Metaspace       used 107162K, committed 108160K, reserved 557056K
  class space    used 14809K, committed 15296K, reserved 425984K
}
Event: 43.759 GC heap after
{Heap after GC invocations=57 (full 0):
 garbage-first heap   total 256000K, used 151339K [0x0000000080000000, 0x0000000100000000)
  region size 1024K, 7 young (7168K), 7 survivors (7168K)
 Metaspace       used 107162K, committed 108160K, reserved 557056K
  class space    used 14809K, committed 15296K, reserved 425984K
}
Event: 44.482 GC heap before
{Heap before GC invocations=57 (full 0):
 garbage-first heap   total 256000K, used 200491K [0x0000000080000000, 0x0000000100000000)
  region size 1024K, 54 young (55296K), 7 survivors (7168K)
 Metaspace       used 107164K, committed 108160K, reserved 557056K
  class space    used 14809K, committed 15296K, reserved 425984K
}
Event: 44.487 GC heap after
{Heap after GC invocations=58 (full 0):
 garbage-first heap   total 256000K, used 155862K [0x0000000080000000, 0x0000000100000000)
  region size 1024K, 3 young (3072K), 3 survivors (3072K)
 Metaspace       used 107164K, committed 108160K, reserved 557056K
  class space    used 14809K, committed 15296K, reserved 425984K
}
Event: 45.148 GC heap before
{Heap before GC invocations=59 (full 0):
 garbage-first heap   total 276480K, used 225494K [0x0000000080000000, 0x0000000100000000)
  region size 1024K, 58 young (59392K), 3 survivors (3072K)
 Metaspace       used 107390K, committed 108352K, reserved 557056K
  class space    used 14820K, committed 15296K, reserved 425984K
}
Event: 45.153 GC heap after
{Heap after GC invocations=60 (full 0):
 garbage-first heap   total 276480K, used 159235K [0x0000000080000000, 0x0000000100000000)
  region size 1024K, 8 young (8192K), 8 survivors (8192K)
 Metaspace       used 107390K, committed 108352K, reserved 557056K
  class space    used 14820K, committed 15296K, reserved 425984K
}
Event: 45.176 GC heap before
{Heap before GC invocations=60 (full 0):
 garbage-first heap   total 276480K, used 168451K [0x0000000080000000, 0x0000000100000000)
  region size 1024K, 13 young (13312K), 8 survivors (8192K)
 Metaspace       used 107391K, committed 108352K, reserved 557056K
  class space    used 14820K, committed 15296K, reserved 425984K
}
Event: 45.181 GC heap after
{Heap after GC invocations=61 (full 0):
 garbage-first heap   total 276480K, used 159464K [0x0000000080000000, 0x0000000100000000)
  region size 1024K, 2 young (2048K), 2 survivors (2048K)
 Metaspace       used 107391K, committed 108352K, reserved 557056K
  class space    used 14820K, committed 15296K, reserved 425984K
}

